app/manifest-merger-release-report.txt
-- Merging decision tree log ---
manifest
ADDED from AndroidManifest.xml:1:1
	xmlns:android
		ADDED from AndroidManifest.xml:1:11
	package
		ADDED from AndroidManifest.xml:2:9
		INJECTED from AndroidManifest.xml:0:0
		INJECTED from AndroidManifest.xml:0:0
	android:versionName
		INJECTED from AndroidManifest.xml:0:0
		INJECTED from AndroidManifest.xml:0:0
	android:versionCode
		INJECTED from AndroidManifest.xml:0:0
		INJECTED from AndroidManifest.xml:0:0
supports-screens
ADDED from AndroidManifest.xml:3:5
	android:resizeable
		ADDED from AndroidManifest.xml:3:23
	android:largeScreens
		ADDED from AndroidManifest.xml:6:9
	android:largestWidthLimitDp
		ADDED from AndroidManifest.xml:11:9
	android:anyDensity
		ADDED from AndroidManifest.xml:8:9
	android:requiresSmallestWidthDp
		ADDED from AndroidManifest.xml:9:9
	android:normalScreens
		ADDED from AndroidManifest.xml:5:9
	android:xlargeScreens
		ADDED from AndroidManifest.xml:7:9
	android:smallScreens
		ADDED from AndroidManifest.xml:4:9
	android:compatibleWidthLimitDp
		ADDED from AndroidManifest.xml:10:9
compatible-screens
ADDED from AndroidManifest.xml:13:5
screen#small+ldpi
ADDED from AndroidManifest.xml:15:9
	android:screenSize
		ADDED from AndroidManifest.xml:15:17
	android:screenDensity
		ADDED from AndroidManifest.xml:15:44
screen#small+mdpi
ADDED from AndroidManifest.xml:16:9
	android:screenSize
		ADDED from AndroidManifest.xml:16:17
	android:screenDensity
		ADDED from AndroidManifest.xml:16:44
screen#small+hdpi
ADDED from AndroidManifest.xml:17:9
	android:screenSize
		ADDED from AndroidManifest.xml:17:17
	android:screenDensity
		ADDED from AndroidManifest.xml:17:44
screen#small+xhdpi
ADDED from AndroidManifest.xml:18:9
	android:screenSize
		ADDED from AndroidManifest.xml:18:17
	android:screenDensity
		ADDED from AndroidManifest.xml:18:44
screen#normal+ldpi
ADDED from AndroidManifest.xml:20:9
	android:screenSize
		ADDED from AndroidManifest.xml:20:17
	android:screenDensity
		ADDED from AndroidManifest.xml:20:45
screen#normal+mdpi
ADDED from AndroidManifest.xml:21:9
	android:screenSize
		ADDED from AndroidManifest.xml:21:17
	android:screenDensity
		ADDED from AndroidManifest.xml:21:45
screen#normal+hdpi
ADDED from AndroidManifest.xml:22:9
	android:screenSize
		ADDED from AndroidManifest.xml:22:17
	android:screenDensity
		ADDED from AndroidManifest.xml:22:45
screen#normal+xhdpi
ADDED from AndroidManifest.xml:23:9
	android:screenSize
		ADDED from AndroidManifest.xml:23:17
	android:screenDensity
		ADDED from AndroidManifest.xml:23:45
application
ADDED from AndroidManifest.xml:25:5
	android:label
		ADDED from AndroidManifest.xml:25:18
	android:icon
		ADDED from AndroidManifest.xml:26:9
service#com.example.android.lolikeyboard.LoliKeyboard
ADDED from AndroidManifest.xml:29:9
	android:permission
		ADDED from AndroidManifest.xml:30:17
	android:name
		ADDED from AndroidManifest.xml:29:18
intent-filter#android.view.InputMethod
ADDED from AndroidManifest.xml:31:13
action#android.view.InputMethod
ADDED from AndroidManifest.xml:32:17
	android:name
		ADDED from AndroidManifest.xml:32:25
meta-data#android.view.im
ADDED from AndroidManifest.xml:34:13
	android:resource
		ADDED from AndroidManifest.xml:34:55
	android:name
		ADDED from AndroidManifest.xml:34:24
activity#com.example.android.lolikeyboard.ImePreferences
ADDED from AndroidManifest.xml:37:9
	android:label
		ADDED from AndroidManifest.xml:37:82
	android:name
		ADDED from AndroidManifest.xml:37:19
intent-filter#android.intent.action.MAIN+android.intent.category.LAUNCHER
ADDED from AndroidManifest.xml:38:13
action#android.intent.action.MAIN
ADDED from AndroidManifest.xml:39:17
	android:name
		ADDED from AndroidManifest.xml:39:25
category#android.intent.category.LAUNCHER
ADDED from AndroidManifest.xml:40:17
	android:name
		ADDED from AndroidManifest.xml:40:27